[     158ms] [INFO] %cDownload the React DevTools for a better development experience: https://react.dev/link/react-devtools font-weight:bold @ http://localhost:4200/@fs/home/mnrzin33/WebUI%20Angular/.angular/cache/22.0.0/webui-angular/vite/deps/react-dom_client.js?v=782171a9:20102
[     199ms] [LOG] Angular is running in development mode. @ http://localhost:4200/@fs/home/mnrzin33/WebUI%20Angular/.angular/cache/22.0.0/webui-angular/vite/deps/chunk-LCJUR7GI.js?v=782171a9:17479
[ 1208674ms] [INFO] %cDownload the React DevTools for a better development experience: https://react.dev/link/react-devtools font-weight:bold @ http://localhost:4200/@fs/home/mnrzin33/WebUI%20Angular/.angular/cache/22.0.0/webui-angular/vite/deps/react-dom_client.js?v=7726582a:20102
[ 1208813ms] [LOG] Angular is running in development mode. @ http://localhost:4200/@fs/home/mnrzin33/WebUI%20Angular/.angular/cache/22.0.0/webui-angular/vite/deps/chunk-LCJUR7GI.js?v=7726582a:17479
[ 1208918ms] [ERROR] In HTML, %s cannot be a descendant of <%s>.
This will cause a hydration error.%s <button> button 

  ...
    <IntroductionPage>
      <SupabaseLayout>
        <div className="pt-10 md:pt-0">
          <main className="flex-1 max...">
            <div className="border-b">
              <div className="flex-1 ite...">
                <SupabaseSidebar>
                  <div className="md:hidden ...">
                    <Sheet>
                      <DialogRoot data-slot="sheet">
                        <SheetTrigger>
                          <DialogTrigger2 data-slot="sheet-trigger">
>                           <button
>                             type="button"
>                             onClick={function}
>                             onMouseDown={function}
>                             onKeyDown={function}
>                             onKeyUp={function}
>                             onPointerDown={function}
>                             tabIndex={0}
>                             disabled={false}
>                             data-base-ui-click-trigger=""
>                             id="base-ui-_r_1_"
>                             aria-haspopup="dialog"
>                             aria-expanded={false}
>                             aria-controls={undefined}
>                             data-slot="sheet-trigger"
>                             ref={function}
>                           >
                              <Button variant="outline" size="icon">
                                <Button2 data-slot="button" className={"group/bu..."}>
>                                 <button
>                                   type="button"
>                                   onClick={function}
>                                   onMouseDown={function}
>                                   onKeyDown={function}
>                                   onKeyUp={function}
>                                   onPointerDown={function}
>                                   tabIndex={0}
>                                   disabled={false}
>                                   data-slot="button"
>                                   ref={function}
>                                   className={"group/button inline-flex shrink-0 items-center justify-center rounded..."}
>                                 >
                        ...
                    ...
                  ...
                ...
 @ http://localhost:4200/@fs/home/mnrzin33/WebUI%20Angular/.angular/cache/22.0.0/webui-angular/vite/deps/react-dom_client.js?v=7726582a:2155
[ 1208919ms] [ERROR] <%s> cannot contain a nested %s.
See this log for the ancestor stack trace. button <button> @ http://localhost:4200/@fs/home/mnrzin33/WebUI%20Angular/.angular/cache/22.0.0/webui-angular/vite/deps/react-dom_client.js?v=7726582a:2162
[ 1209080ms] [ERROR] ERROR Error: Supabase environment variables not configured. Set VITE_SUPABASE_URL and VITE_SUPABASE_PUBLISHABLE_KEY in .env.local
    at createClient (http://localhost:4200/main.js:423:11)
    at LoginForm (http://localhost:4200/main.js:473:20)
    at Object.react_stack_bottom_frame (http://localhost:4200/@fs/home/mnrzin33/WebUI%20Angular/.angular/cache/22.0.0/webui-angular/vite/deps/react-dom_client.js?v=7726582a:18509:20)
    at renderWithHooks (http://localhost:4200/@fs/home/mnrzin33/WebUI%20Angular/.angular/cache/22.0.0/webui-angular/vite/deps/react-dom_client.js?v=7726582a:5654:24)
    at updateFunctionComponent (http://localhost:4200/@fs/home/mnrzin33/WebUI%20Angular/.angular/cache/22.0.0/webui-angular/vite/deps/react-dom_client.js?v=7726582a:7475:21)
    at beginWork (http://localhost:4200/@fs/home/mnrzin33/WebUI%20Angular/.angular/cache/22.0.0/webui-angular/vite/deps/react-dom_client.js?v=7726582a:8525:20)
    at runWithFiberInDEV (http://localhost:4200/@fs/home/mnrzin33/WebUI%20Angular/.angular/cache/22.0.0/webui-angular/vite/deps/react-dom_client.js?v=7726582a:997:72)
    at performUnitOfWork (http://localhost:4200/@fs/home/mnrzin33/WebUI%20Angular/.angular/cache/22.0.0/webui-angular/vite/deps/react-dom_client.js?v=7726582a:12561:98)
    at workLoopSync (http://localhost:4200/@fs/home/mnrzin33/WebUI%20Angular/.angular/cache/22.0.0/webui-angular/vite/deps/react-dom_client.js?v=7726582a:12424:43)
    at renderRootSync (http://localhost:4200/@fs/home/mnrzin33/WebUI%20Angular/.angular/cache/22.0.0/webui-angular/vite/deps/react-dom_client.js?v=7726582a:12408:13) @ http://localhost:4200/@fs/home/mnrzin33/WebUI%20Angular/.angular/cache/22.0.0/webui-angular/vite/deps/chunk-LCJUR7GI.js?v=7726582a:5807
[ 1209082ms] [WARNING] %s

%s
 An error occurred in the <LoginForm> component. Consider adding an error boundary to your tree to customize error handling behavior.
Visit https://react.dev/link/error-boundaries to learn more about error boundaries. @ http://localhost:4200/@fs/home/mnrzin33/WebUI%20Angular/.angular/cache/22.0.0/webui-angular/vite/deps/react-dom_client.js?v=7726582a:6965
