[     812ms] [INFO] %cDownload the React DevTools for a better development experience: https://react.dev/link/react-devtools font-weight:bold @ http://localhost:4200/@fs/home/mnrzin33/WebUI%20Angular/.angular/cache/22.0.0/webui-angular/vite/deps/react-dom_client.js?v=7726582a:20102
[     898ms] [LOG] Angular is running in development mode. @ http://localhost:4200/@fs/home/mnrzin33/WebUI%20Angular/.angular/cache/22.0.0/webui-angular/vite/deps/chunk-LCJUR7GI.js?v=7726582a:17479
[    1209ms] [VERBOSE] [DOM] Input elements should have autocomplete attributes (suggested: "new-password"): (More info: https://goo.gl/9p2vKq) %o @ http://localhost:4200/:0
[    1209ms] [VERBOSE] [DOM] Input elements should have autocomplete attributes (suggested: "new-password"): (More info: https://goo.gl/9p2vKq) %o @ http://localhost:4200/:0
[    1209ms] [VERBOSE] [DOM] Input elements should have autocomplete attributes (suggested: "current-password"): (More info: https://goo.gl/9p2vKq) %o @ http://localhost:4200/:0
[  276107ms] [INFO] %cDownload the React DevTools for a better development experience: https://react.dev/link/react-devtools font-weight:bold @ http://localhost:4200/@fs/home/mnrzin33/WebUI%20Angular/.angular/cache/22.0.0/webui-angular/vite/deps/react-dom_client.js?v=7726582a:20102
[  276159ms] [LOG] Angular is running in development mode. @ http://localhost:4200/@fs/home/mnrzin33/WebUI%20Angular/.angular/cache/22.0.0/webui-angular/vite/deps/chunk-LCJUR7GI.js?v=7726582a:17479
[  276333ms] [VERBOSE] [DOM] Input elements should have autocomplete attributes (suggested: "new-password"): (More info: https://goo.gl/9p2vKq) %o @ http://localhost:4200/:0
[  276333ms] [VERBOSE] [DOM] Input elements should have autocomplete attributes (suggested: "new-password"): (More info: https://goo.gl/9p2vKq) %o @ http://localhost:4200/:0
[  276334ms] [VERBOSE] [DOM] Input elements should have autocomplete attributes (suggested: "current-password"): (More info: https://goo.gl/9p2vKq) %o @ http://localhost:4200/:0
[  310989ms] [INFO] %cDownload the React DevTools for a better development experience: https://react.dev/link/react-devtools font-weight:bold @ http://localhost:4200/@fs/home/mnrzin33/WebUI%20Angular/.angular/cache/22.0.0/webui-angular/vite/deps/react-dom_client.js?v=7726582a:20102
[  311033ms] [LOG] Angular is running in development mode. @ http://localhost:4200/@fs/home/mnrzin33/WebUI%20Angular/.angular/cache/22.0.0/webui-angular/vite/deps/chunk-LCJUR7GI.js?v=7726582a:17479
[  311201ms] [VERBOSE] [DOM] Input elements should have autocomplete attributes (suggested: "new-password"): (More info: https://goo.gl/9p2vKq) %o @ http://localhost:4200/:0
[  311201ms] [VERBOSE] [DOM] Input elements should have autocomplete attributes (suggested: "new-password"): (More info: https://goo.gl/9p2vKq) %o @ http://localhost:4200/:0
[  311202ms] [VERBOSE] [DOM] Input elements should have autocomplete attributes (suggested: "current-password"): (More info: https://goo.gl/9p2vKq) %o @ http://localhost:4200/:0
[  322026ms] [INFO] %cDownload the React DevTools for a better development experience: https://react.dev/link/react-devtools font-weight:bold @ http://localhost:4200/@fs/home/mnrzin33/WebUI%20Angular/.angular/cache/22.0.0/webui-angular/vite/deps/react-dom_client.js?v=7726582a:20102
[  322067ms] [LOG] Angular is running in development mode. @ http://localhost:4200/@fs/home/mnrzin33/WebUI%20Angular/.angular/cache/22.0.0/webui-angular/vite/deps/chunk-LCJUR7GI.js?v=7726582a:17479
[  322238ms] [VERBOSE] [DOM] Input elements should have autocomplete attributes (suggested: "new-password"): (More info: https://goo.gl/9p2vKq) %o @ http://localhost:4200/:0
[  322238ms] [VERBOSE] [DOM] Input elements should have autocomplete attributes (suggested: "new-password"): (More info: https://goo.gl/9p2vKq) %o @ http://localhost:4200/:0
[  322238ms] [VERBOSE] [DOM] Input elements should have autocomplete attributes (suggested: "current-password"): (More info: https://goo.gl/9p2vKq) %o @ http://localhost:4200/:0
[  326606ms] [INFO] %cDownload the React DevTools for a better development experience: https://react.dev/link/react-devtools font-weight:bold @ http://localhost:4200/@fs/home/mnrzin33/WebUI%20Angular/.angular/cache/22.0.0/webui-angular/vite/deps/react-dom_client.js?v=7726582a:20102
[  326664ms] [LOG] Angular is running in development mode. @ http://localhost:4200/@fs/home/mnrzin33/WebUI%20Angular/.angular/cache/22.0.0/webui-angular/vite/deps/chunk-LCJUR7GI.js?v=7726582a:17479
[  326855ms] [VERBOSE] [DOM] Input elements should have autocomplete attributes (suggested: "new-password"): (More info: https://goo.gl/9p2vKq) %o @ http://localhost:4200/:0
[  326856ms] [VERBOSE] [DOM] Input elements should have autocomplete attributes (suggested: "new-password"): (More info: https://goo.gl/9p2vKq) %o @ http://localhost:4200/:0
[  326856ms] [VERBOSE] [DOM] Input elements should have autocomplete attributes (suggested: "current-password"): (More info: https://goo.gl/9p2vKq) %o @ http://localhost:4200/:0
[  335982ms] [INFO] %cDownload the React DevTools for a better development experience: https://react.dev/link/react-devtools font-weight:bold @ http://localhost:4200/@fs/home/mnrzin33/WebUI%20Angular/.angular/cache/22.0.0/webui-angular/vite/deps/react-dom_client.js?v=7726582a:20102
[  336034ms] [LOG] Angular is running in development mode. @ http://localhost:4200/@fs/home/mnrzin33/WebUI%20Angular/.angular/cache/22.0.0/webui-angular/vite/deps/chunk-LCJUR7GI.js?v=7726582a:17479
[  336202ms] [VERBOSE] [DOM] Input elements should have autocomplete attributes (suggested: "new-password"): (More info: https://goo.gl/9p2vKq) %o @ http://localhost:4200/:0
[  336203ms] [VERBOSE] [DOM] Input elements should have autocomplete attributes (suggested: "new-password"): (More info: https://goo.gl/9p2vKq) %o @ http://localhost:4200/:0
[  336203ms] [VERBOSE] [DOM] Input elements should have autocomplete attributes (suggested: "current-password"): (More info: https://goo.gl/9p2vKq) %o @ http://localhost:4200/:0
[  339449ms] [INFO] %cDownload the React DevTools for a better development experience: https://react.dev/link/react-devtools font-weight:bold @ http://localhost:4200/@fs/home/mnrzin33/WebUI%20Angular/.angular/cache/22.0.0/webui-angular/vite/deps/react-dom_client.js?v=7726582a:20102
[  339507ms] [LOG] Angular is running in development mode. @ http://localhost:4200/@fs/home/mnrzin33/WebUI%20Angular/.angular/cache/22.0.0/webui-angular/vite/deps/chunk-LCJUR7GI.js?v=7726582a:17479
[  339686ms] [VERBOSE] [DOM] Input elements should have autocomplete attributes (suggested: "new-password"): (More info: https://goo.gl/9p2vKq) %o @ http://localhost:4200/:0
[  339686ms] [VERBOSE] [DOM] Input elements should have autocomplete attributes (suggested: "new-password"): (More info: https://goo.gl/9p2vKq) %o @ http://localhost:4200/:0
[  339686ms] [VERBOSE] [DOM] Input elements should have autocomplete attributes (suggested: "current-password"): (More info: https://goo.gl/9p2vKq) %o @ http://localhost:4200/:0
[  344327ms] [INFO] %cDownload the React DevTools for a better development experience: https://react.dev/link/react-devtools font-weight:bold @ http://localhost:4200/@fs/home/mnrzin33/WebUI%20Angular/.angular/cache/22.0.0/webui-angular/vite/deps/react-dom_client.js?v=7726582a:20102
[  344373ms] [LOG] Angular is running in development mode. @ http://localhost:4200/@fs/home/mnrzin33/WebUI%20Angular/.angular/cache/22.0.0/webui-angular/vite/deps/chunk-LCJUR7GI.js?v=7726582a:17479
[  344558ms] [VERBOSE] [DOM] Input elements should have autocomplete attributes (suggested: "new-password"): (More info: https://goo.gl/9p2vKq) %o @ http://localhost:4200/:0
[  344558ms] [VERBOSE] [DOM] Input elements should have autocomplete attributes (suggested: "new-password"): (More info: https://goo.gl/9p2vKq) %o @ http://localhost:4200/:0
[  344558ms] [VERBOSE] [DOM] Input elements should have autocomplete attributes (suggested: "current-password"): (More info: https://goo.gl/9p2vKq) %o @ http://localhost:4200/:0
[  349525ms] [INFO] %cDownload the React DevTools for a better development experience: https://react.dev/link/react-devtools font-weight:bold @ http://localhost:4200/@fs/home/mnrzin33/WebUI%20Angular/.angular/cache/22.0.0/webui-angular/vite/deps/react-dom_client.js?v=7726582a:20102
[  349578ms] [LOG] Angular is running in development mode. @ http://localhost:4200/@fs/home/mnrzin33/WebUI%20Angular/.angular/cache/22.0.0/webui-angular/vite/deps/chunk-LCJUR7GI.js?v=7726582a:17479
[  349754ms] [VERBOSE] [DOM] Input elements should have autocomplete attributes (suggested: "new-password"): (More info: https://goo.gl/9p2vKq) %o @ http://localhost:4200/:0
[  349754ms] [VERBOSE] [DOM] Input elements should have autocomplete attributes (suggested: "new-password"): (More info: https://goo.gl/9p2vKq) %o @ http://localhost:4200/:0
[  349754ms] [VERBOSE] [DOM] Input elements should have autocomplete attributes (suggested: "current-password"): (More info: https://goo.gl/9p2vKq) %o @ http://localhost:4200/:0
[  352326ms] [INFO] %cDownload the React DevTools for a better development experience: https://react.dev/link/react-devtools font-weight:bold @ http://localhost:4200/@fs/home/mnrzin33/WebUI%20Angular/.angular/cache/22.0.0/webui-angular/vite/deps/react-dom_client.js?v=7726582a:20102
[  352503ms] [LOG] Angular is running in development mode. @ http://localhost:4200/@fs/home/mnrzin33/WebUI%20Angular/.angular/cache/22.0.0/webui-angular/vite/deps/chunk-LCJUR7GI.js?v=7726582a:17479
[  352743ms] [VERBOSE] [DOM] Input elements should have autocomplete attributes (suggested: "new-password"): (More info: https://goo.gl/9p2vKq) %o @ http://localhost:4200/:0
[  352743ms] [VERBOSE] [DOM] Input elements should have autocomplete attributes (suggested: "new-password"): (More info: https://goo.gl/9p2vKq) %o @ http://localhost:4200/:0
[  352743ms] [VERBOSE] [DOM] Input elements should have autocomplete attributes (suggested: "current-password"): (More info: https://goo.gl/9p2vKq) %o @ http://localhost:4200/:0
